<?xml version="1.0" encoding="UTF-8"?>
<coverage generated="1638384378476" clover="3.2.0">
  <project timestamp="1638384378476" name="All files">
    <metrics statements="70" coveredstatements="70" conditionals="9" coveredconditionals="8" methods="17" coveredmethods="17" elements="96" coveredelements="95" complexity="0" loc="70" ncloc="70" packages="4" files="8" classes="8"/>
    <package name="user">
      <metrics statements="49" coveredstatements="49" conditionals="3" coveredconditionals="3" methods="13" coveredmethods="13"/>
      <file name="user.controller.ts" path="/home/leonardo/roit-bank-challenge/backend/src/user/user.controller.ts">
        <metrics statements="26" coveredstatements="26" conditionals="3" coveredconditionals="3" methods="6" coveredmethods="6"/>
        <line num="1" count="4" type="stmt"/>
        <line num="11" count="4" type="stmt"/>
        <line num="12" count="4" type="stmt"/>
        <line num="13" count="4" type="stmt"/>
        <line num="14" count="4" type="stmt"/>
        <line num="15" count="4" type="stmt"/>
        <line num="18" count="4" type="stmt"/>
        <line num="19" count="11" type="stmt"/>
        <line num="22" count="4" type="stmt"/>
        <line num="23" count="2" type="stmt"/>
        <line num="25" count="2" type="stmt"/>
        <line num="29" count="4" type="stmt"/>
        <line num="30" count="2" type="stmt"/>
        <line num="31" count="2" type="cond" truecount="1" falsecount="0"/>
        <line num="33" count="1" type="stmt"/>
        <line num="37" count="4" type="stmt"/>
        <line num="40" count="6" type="stmt"/>
        <line num="42" count="6" type="stmt"/>
        <line num="46" count="4" type="stmt"/>
        <line num="50" count="2" type="stmt"/>
        <line num="51" count="2" type="cond" truecount="1" falsecount="0"/>
        <line num="52" count="1" type="stmt"/>
        <line num="56" count="4" type="stmt"/>
        <line num="57" count="2" type="stmt"/>
        <line num="58" count="2" type="cond" truecount="1" falsecount="0"/>
        <line num="60" count="1" type="stmt"/>
      </file>
      <file name="user.module.ts" path="/home/leonardo/roit-bank-challenge/backend/src/user/user.module.ts">
        <metrics statements="6" coveredstatements="6" conditionals="0" coveredconditionals="0" methods="0" coveredmethods="0"/>
        <line num="1" count="4" type="stmt"/>
        <line num="2" count="4" type="stmt"/>
        <line num="3" count="4" type="stmt"/>
        <line num="4" count="4" type="stmt"/>
        <line num="5" count="4" type="stmt"/>
        <line num="19" count="4" type="stmt"/>
      </file>
      <file name="user.service.ts" path="/home/leonardo/roit-bank-challenge/backend/src/user/user.service.ts">
        <metrics statements="17" coveredstatements="17" conditionals="0" coveredconditionals="0" methods="7" coveredmethods="7"/>
        <line num="1" count="4" type="stmt"/>
        <line num="2" count="4" type="stmt"/>
        <line num="3" count="4" type="stmt"/>
        <line num="9" count="4" type="stmt"/>
        <line num="10" count="11" type="stmt"/>
        <line num="13" count="2" type="stmt"/>
        <line num="14" count="2" type="stmt"/>
        <line num="18" count="11" type="stmt"/>
        <line num="19" count="11" type="stmt"/>
        <line num="23" count="6" type="stmt"/>
        <line num="24" count="6" type="stmt"/>
        <line num="28" count="2" type="stmt"/>
        <line num="32" count="2" type="stmt"/>
        <line num="36" count="2" type="stmt"/>
        <line num="37" count="2" type="stmt"/>
        <line num="41" count="6" type="stmt"/>
        <line num="42" count="6" type="stmt"/>
      </file>
    </package>
    <package name="user.dto">
      <metrics statements="2" coveredstatements="2" conditionals="0" coveredconditionals="0" methods="0" coveredmethods="0"/>
      <file name="create-user.dto.ts" path="/home/leonardo/roit-bank-challenge/backend/src/user/dto/create-user.dto.ts">
        <metrics statements="1" coveredstatements="1" conditionals="0" coveredconditionals="0" methods="0" coveredmethods="0"/>
        <line num="1" count="4" type="stmt"/>
      </file>
      <file name="update-user.dto.ts" path="/home/leonardo/roit-bank-challenge/backend/src/user/dto/update-user.dto.ts">
        <metrics statements="1" coveredstatements="1" conditionals="0" coveredconditionals="0" methods="0" coveredmethods="0"/>
        <line num="1" count="4" type="stmt"/>
      </file>
    </package>
    <package name="user.schemas">
      <metrics statements="2" coveredstatements="2" conditionals="0" coveredconditionals="0" methods="0" coveredmethods="0"/>
      <file name="user.schema.ts" path="/home/leonardo/roit-bank-challenge/backend/src/user/schemas/user.schema.ts">
        <metrics statements="2" coveredstatements="2" conditionals="0" coveredconditionals="0" methods="0" coveredmethods="0"/>
        <line num="1" count="4" type="stmt"/>
        <line num="3" count="4" type="stmt"/>
      </file>
    </package>
    <package name="user.validations">
      <metrics statements="17" coveredstatements="17" conditionals="6" coveredconditionals="5" methods="4" coveredmethods="4"/>
      <file name="validateFields.pipe.ts" path="/home/leonardo/roit-bank-challenge/backend/src/user/validations/validateFields.pipe.ts">
        <metrics statements="8" coveredstatements="8" conditionals="4" coveredconditionals="4" methods="2" coveredmethods="2"/>
        <line num="1" count="4" type="stmt"/>
        <line num="3" count="4" type="stmt"/>
        <line num="6" count="4" type="stmt"/>
        <line num="7" count="11" type="stmt"/>
        <line num="10" count="12" type="stmt"/>
        <line num="12" count="12" type="cond" truecount="4" falsecount="0"/>
        <line num="13" count="1" type="stmt"/>
        <line num="16" count="11" type="stmt"/>
      </file>
      <file name="validateNewUser.pipe.ts" path="/home/leonardo/roit-bank-challenge/backend/src/user/validations/validateNewUser.pipe.ts">
        <metrics statements="9" coveredstatements="9" conditionals="2" coveredconditionals="1" methods="2" coveredmethods="2"/>
        <line num="1" count="4" type="stmt"/>
        <line num="3" count="4" type="stmt"/>
        <line num="6" count="4" type="stmt"/>
        <line num="7" count="11" type="stmt"/>
        <line num="10" count="9" type="stmt"/>
        <line num="11" count="9" type="cond" truecount="1" falsecount="0"/>
        <line num="13" count="6" type="stmt"/>
        <line num="14" count="6" type="cond" truecount="0" falsecount="1"/>
        <line num="16" count="6" type="stmt"/>
      </file>
    </package>
  </project>
</coverage>
