TN:
SF:src/user/user.controller.ts
FN:19,(anonymous_4)
FN:22,(anonymous_5)
FN:29,(anonymous_6)
FN:37,(anonymous_7)
FN:46,(anonymous_8)
FN:56,(anonymous_9)
FNF:6
FNH:5
FNDA:7,(anonymous_4)
FNDA:2,(anonymous_5)
FNDA:2,(anonymous_6)
FNDA:2,(anonymous_7)
FNDA:0,(anonymous_8)
FNDA:1,(anonymous_9)
DA:1,1
DA:11,1
DA:12,1
DA:13,1
DA:14,1
DA:15,1
DA:18,1
DA:19,7
DA:22,1
DA:23,2
DA:25,2
DA:29,1
DA:30,2
DA:31,2
DA:33,1
DA:37,1
DA:40,2
DA:42,2
DA:46,1
DA:50,0
DA:51,0
DA:52,0
DA:56,1
DA:57,1
DA:58,1
DA:60,1
LF:26
LH:23
BRDA:31,0,0,1
BRDA:51,1,0,0
BRDA:58,2,0,0
BRF:3
BRH:1
end_of_record
TN:
SF:src/user/user.module.ts
FNF:0
FNH:0
DA:1,1
DA:2,1
DA:3,1
DA:4,1
DA:5,1
DA:19,1
LF:6
LH:6
BRF:0
BRH:0
end_of_record
TN:
SF:src/user/user.service.ts
FN:10,(anonymous_4)
FN:12,(anonymous_5)
FN:17,(anonymous_6)
FN:22,(anonymous_7)
FN:27,(anonymous_8)
FN:35,(anonymous_9)
FN:40,(anonymous_10)
FNF:7
FNH:6
FNDA:7,(anonymous_4)
FNDA:2,(anonymous_5)
FNDA:7,(anonymous_6)
FNDA:2,(anonymous_7)
FNDA:0,(anonymous_8)
FNDA:1,(anonymous_9)
FNDA:2,(anonymous_10)
DA:1,1
DA:2,1
DA:3,1
DA:9,1
DA:10,7
DA:13,2
DA:14,2
DA:18,7
DA:19,7
DA:23,2
DA:24,2
DA:28,0
DA:32,0
DA:36,1
DA:37,1
DA:41,2
DA:42,2
LF:17
LH:15
BRF:0
BRH:0
end_of_record
TN:
SF:src/user/dto/create-user.dto.ts
FNF:0
FNH:0
DA:1,1
LF:1
LH:1
BRF:0
BRH:0
end_of_record
TN:
SF:src/user/dto/update-user.dto.ts
FNF:0
FNH:0
DA:1,1
LF:1
LH:1
BRF:0
BRH:0
end_of_record
TN:
SF:src/user/schemas/user.schema.ts
FNF:0
FNH:0
DA:1,1
DA:3,1
LF:2
LH:2
BRF:0
BRH:0
end_of_record
TN:
SF:src/user/validations/validateFields.pipe.ts
FN:7,(anonymous_2)
FN:9,(anonymous_3)
FNF:2
FNH:2
FNDA:7,(anonymous_2)
FNDA:6,(anonymous_3)
DA:1,1
DA:3,1
DA:6,1
DA:7,7
DA:10,6
DA:12,6
DA:13,1
DA:16,5
LF:8
LH:8
BRDA:12,0,0,1
BRDA:12,1,0,6
BRDA:12,1,1,5
BRDA:12,1,2,5
BRF:4
BRH:4
end_of_record
TN:
SF:src/user/validations/validateNewUser.pipe.ts
FN:7,(anonymous_2)
FN:9,(anonymous_3)
FNF:2
FNH:2
FNDA:7,(anonymous_2)
FNDA:5,(anonymous_3)
DA:1,1
DA:3,1
DA:6,1
DA:7,7
DA:10,5
DA:11,5
DA:13,2
DA:14,2
DA:16,2
LF:9
LH:9
BRDA:11,0,0,3
BRDA:14,1,0,0
BRF:2
BRH:1
end_of_record
