TN:
SF:src/user/user.controller.ts
FN:19,(anonymous_4)
FN:22,(anonymous_5)
FN:29,(anonymous_6)
FN:37,(anonymous_7)
FN:46,(anonymous_8)
FN:56,(anonymous_9)
FNF:6
FNH:6
FNDA:11,(anonymous_4)
FNDA:2,(anonymous_5)
FNDA:2,(anonymous_6)
FNDA:6,(anonymous_7)
FNDA:2,(anonymous_8)
FNDA:2,(anonymous_9)
DA:1,4
DA:11,4
DA:12,4
DA:13,4
DA:14,4
DA:15,4
DA:18,4
DA:19,11
DA:22,4
DA:23,2
DA:25,2
DA:29,4
DA:30,2
DA:31,2
DA:33,1
DA:37,4
DA:40,6
DA:42,6
DA:46,4
DA:50,2
DA:51,2
DA:52,1
DA:56,4
DA:57,2
DA:58,2
DA:60,1
LF:26
LH:26
BRDA:31,0,0,1
BRDA:51,1,0,1
BRDA:58,2,0,1
BRF:3
BRH:3
end_of_record
TN:
SF:src/user/user.module.ts
FNF:0
FNH:0
DA:1,4
DA:2,4
DA:3,4
DA:4,4
DA:5,4
DA:19,4
LF:6
LH:6
BRF:0
BRH:0
end_of_record
TN:
SF:src/user/user.service.ts
FN:10,(anonymous_4)
FN:12,(anonymous_5)
FN:17,(anonymous_6)
FN:22,(anonymous_7)
FN:27,(anonymous_8)
FN:35,(anonymous_9)
FN:40,(anonymous_10)
FNF:7
FNH:7
FNDA:11,(anonymous_4)
FNDA:2,(anonymous_5)
FNDA:11,(anonymous_6)
FNDA:6,(anonymous_7)
FNDA:2,(anonymous_8)
FNDA:2,(anonymous_9)
FNDA:6,(anonymous_10)
DA:1,4
DA:2,4
DA:3,4
DA:9,4
DA:10,11
DA:13,2
DA:14,2
DA:18,11
DA:19,11
DA:23,6
DA:24,6
DA:28,2
DA:32,2
DA:36,2
DA:37,2
DA:41,6
DA:42,6
LF:17
LH:17
BRF:0
BRH:0
end_of_record
TN:
SF:src/user/dto/create-user.dto.ts
FNF:0
FNH:0
DA:1,4
LF:1
LH:1
BRF:0
BRH:0
end_of_record
TN:
SF:src/user/dto/update-user.dto.ts
FNF:0
FNH:0
DA:1,4
LF:1
LH:1
BRF:0
BRH:0
end_of_record
TN:
SF:src/user/schemas/user.schema.ts
FNF:0
FNH:0
DA:1,4
DA:3,4
LF:2
LH:2
BRF:0
BRH:0
end_of_record
TN:
SF:src/user/validations/validateFields.pipe.ts
FN:7,(anonymous_2)
FN:9,(anonymous_3)
FNF:2
FNH:2
FNDA:11,(anonymous_2)
FNDA:12,(anonymous_3)
DA:1,4
DA:3,4
DA:6,4
DA:7,11
DA:10,12
DA:12,12
DA:13,1
DA:16,11
LF:8
LH:8
BRDA:12,0,0,1
BRDA:12,1,0,12
BRDA:12,1,1,11
BRDA:12,1,2,11
BRF:4
BRH:4
end_of_record
TN:
SF:src/user/validations/validateNewUser.pipe.ts
FN:7,(anonymous_2)
FN:9,(anonymous_3)
FNF:2
FNH:2
FNDA:11,(anonymous_2)
FNDA:9,(anonymous_3)
DA:1,4
DA:3,4
DA:6,4
DA:7,11
DA:10,9
DA:11,9
DA:13,6
DA:14,6
DA:16,6
LF:9
LH:9
BRDA:11,0,0,3
BRDA:14,1,0,0
BRF:2
BRH:1
end_of_record
